<?xml version="1.0" encoding="UTF-8"?>
<!-- Generated by org.testng.reporters.JUnitReportReporter -->
<testsuite hostname="Vamsis-MacBook-Pro.local" failures="0" tests="1" name="org.fastspring.testautomation.ProductServices" time="3.737" errors="0" timestamp="02 Sep 2018 15:48:20 GMT" skipped="0">
  <testcase classname="org.fastspring.testautomation.ProductServices" name="postProducts" time="3.737"/>
</testsuite> <!-- org.fastspring.testautomation.ProductServices -->
