<?xml version="1.0" encoding="UTF-8"?>
<!-- Generated by org.testng.reporters.JUnitReportReporter -->
<testsuite hostname="Vamsis-MacBook-Pro.local" failures="0" tests="2" name="org.fastspring.testautomation.ProductServices" time="5.475" errors="0" timestamp="02 Sep 2018 19:42:29 GMT" skipped="0">
  <testcase classname="org.fastspring.testautomation.ProductServices" name="postProducts" time="4.869"/>
  <testcase classname="org.fastspring.testautomation.ProductServices" name="getProducts" time="0.606"/>
</testsuite> <!-- org.fastspring.testautomation.ProductServices -->
