<?xml version="1.0" encoding="UTF-8"?>
<!-- Generated by org.testng.reporters.JUnitReportReporter -->
<testsuite hostname="Vamsis-MacBook-Pro.local" failures="0" tests="1" name="org.fastspring.testautomation.Checkoutflow" time="6.866" errors="0" timestamp="05 Sep 2018 03:35:53 GMT" skipped="0">
  <testcase classname="org.fastspring.testautomation.Checkoutflow" name="checkout" time="6.866"/>
</testsuite> <!-- org.fastspring.testautomation.Checkoutflow -->
