<?xml version="1.0" encoding="UTF-8"?>
<!-- Generated by org.testng.reporters.JUnitReportReporter -->
<testsuite hostname="Vamsis-MacBook-Pro.local" failures="0" tests="2" name="org.fastspring.testautomation.Checkoutflow" time="8.790" errors="0" timestamp="06 Sep 2018 22:17:16 GMT" skipped="0">
  <testcase classname="org.fastspring.testautomation.Checkoutflow" name="checkout" time="8.790"/>
  <testcase classname="org.fastspring.testautomation.Checkoutflow" name="postordercheck" time="0.000"/>
</testsuite> <!-- org.fastspring.testautomation.Checkoutflow -->
