<?xml version="1.0" encoding="UTF-8"?>
<!-- Generated by org.testng.reporters.JUnitReportReporter -->
<testsuite hostname="Vamsis-MacBook-Pro.local" failures="0" tests="2" name="org.fastspring.testautomation.ProductServices" time="3.295" errors="0" timestamp="05 Sep 2018 04:47:20 GMT" skipped="0">
  <testcase classname="org.fastspring.testautomation.ProductServices" name="postProducts" time="2.755"/>
  <testcase classname="org.fastspring.testautomation.ProductServices" name="getProducts" time="0.540"/>
</testsuite> <!-- org.fastspring.testautomation.ProductServices -->
