<?xml version="1.0" encoding="UTF-8"?>
<!-- Generated by org.testng.reporters.JUnitReportReporter -->
<testsuite hostname="Vamsis-MacBook-Pro.local" failures="0" tests="4" name="org.fastspring.testautomation.ProductServices" time="6.057" errors="0" timestamp="06 Sep 2018 19:55:51 GMT" skipped="1">
  <testcase classname="org.fastspring.testautomation.ProductServices" name="postProducts" time="3.930"/>
  <testcase classname="org.fastspring.testautomation.ProductServices" name="modify_Product" time="0.535"/>
  <testcase classname="org.fastspring.testautomation.ProductServices" name="getUpdatedResult" time="1.592"/>
  <testcase classname="org.fastspring.testautomation.ProductServices" name="checkout">
    <skipped/>
  </testcase> <!-- checkout -->
</testsuite> <!-- org.fastspring.testautomation.ProductServices -->
