<?xml version="1.0" encoding="UTF-8"?>
<!-- Generated by org.testng.reporters.JUnitReportReporter -->
<testsuite hostname="Vamsis-MacBook-Pro.local" failures="0" tests="2" name="org.fastspring.testautomation.ProductServices" time="22.530" errors="0" timestamp="04 Sep 2018 00:57:42 GMT" skipped="0">
  <testcase classname="org.fastspring.testautomation.ProductServices" name="postProducts" time="9.843"/>
  <testcase classname="org.fastspring.testautomation.ProductServices" name="getProducts" time="12.687"/>
</testsuite> <!-- org.fastspring.testautomation.ProductServices -->
