<?xml version="1.0" encoding="UTF-8"?>
<!-- Generated by org.testng.reporters.JUnitReportReporter -->
<testsuite hostname="Vamsis-MacBook-Pro.local" failures="0" tests="1" name="org.fastspring.testautomation.Productpage" time="0.063" errors="0" timestamp="04 Sep 2018 01:22:39 GMT" skipped="0">
  <testcase classname="org.fastspring.testautomation.Productpage" name="checkout" time="0.063"/>
</testsuite> <!-- org.fastspring.testautomation.Productpage -->
